mode: atomic
github.com/Augora/Augora-GraphQL/Importers/Deputies.go:18.36,21.16 3 0
github.com/Augora/Augora-GraphQL/Importers/Deputies.go:24.2,28.16 4 0
github.com/Augora/Augora-GraphQL/Importers/Deputies.go:31.2,40.30 7 0
github.com/Augora/Augora-GraphQL/Importers/Deputies.go:44.2,44.43 1 0
github.com/Augora/Augora-GraphQL/Importers/Deputies.go:56.2,57.41 2 0
github.com/Augora/Augora-GraphQL/Importers/Deputies.go:61.2,61.12 1 0
github.com/Augora/Augora-GraphQL/Importers/Deputies.go:21.16,23.3 1 0
github.com/Augora/Augora-GraphQL/Importers/Deputies.go:28.16,30.3 1 0
github.com/Augora/Augora-GraphQL/Importers/Deputies.go:40.30,42.3 1 0
github.com/Augora/Augora-GraphQL/Importers/Deputies.go:44.43,49.58 5 0
github.com/Augora/Augora-GraphQL/Importers/Deputies.go:49.58,50.78 1 0
github.com/Augora/Augora-GraphQL/Importers/Deputies.go:50.78,52.5 1 0
github.com/Augora/Augora-GraphQL/Importers/Deputies.go:57.41,59.3 1 0
github.com/Augora/Augora-GraphQL/Importers/Deputies.go:64.57,66.16 2 0
github.com/Augora/Augora-GraphQL/Importers/Deputies.go:70.2,71.16 2 0
github.com/Augora/Augora-GraphQL/Importers/Deputies.go:75.2,82.19 6 0
github.com/Augora/Augora-GraphQL/Importers/Deputies.go:66.16,68.3 1 0
github.com/Augora/Augora-GraphQL/Importers/Deputies.go:71.16,73.3 1 0
github.com/Augora/Augora-GraphQL/Importers/Deputies.go:85.86,90.35 4 3
github.com/Augora/Augora-GraphQL/Importers/Deputies.go:94.2,95.32 2 3
github.com/Augora/Augora-GraphQL/Importers/Deputies.go:147.2,152.12 5 3
github.com/Augora/Augora-GraphQL/Importers/Deputies.go:90.35,92.3 1 10
github.com/Augora/Augora-GraphQL/Importers/Deputies.go:95.32,99.25 3 3
github.com/Augora/Augora-GraphQL/Importers/Deputies.go:107.3,107.22 1 3
github.com/Augora/Augora-GraphQL/Importers/Deputies.go:99.25,100.30 1 1
github.com/Augora/Augora-GraphQL/Importers/Deputies.go:100.30,103.10 3 1
github.com/Augora/Augora-GraphQL/Importers/Deputies.go:107.22,110.27 3 1
github.com/Augora/Augora-GraphQL/Importers/Deputies.go:117.4,117.24 1 1
github.com/Augora/Augora-GraphQL/Importers/Deputies.go:110.27,111.32 1 1
github.com/Augora/Augora-GraphQL/Importers/Deputies.go:111.32,114.11 3 1
github.com/Augora/Augora-GraphQL/Importers/Deputies.go:117.24,127.5 5 1
github.com/Augora/Augora-GraphQL/Importers/Deputies.go:127.11,129.5 0 0
github.com/Augora/Augora-GraphQL/Importers/Deputies.go:130.9,134.27 3 2
github.com/Augora/Augora-GraphQL/Importers/Deputies.go:140.4,144.30 2 2
github.com/Augora/Augora-GraphQL/Importers/Deputies.go:134.27,135.32 1 2
github.com/Augora/Augora-GraphQL/Importers/Deputies.go:135.32,137.11 2 2
github.com/Augora/Augora-GraphQL/Importers/Deputies.go:155.23,178.2 14 0
github.com/Augora/Augora-GraphQL/Importers/Files.go:12.41,14.16 2 0
github.com/Augora/Augora-GraphQL/Importers/Files.go:18.2,21.26 3 0
github.com/Augora/Augora-GraphQL/Importers/Files.go:14.16,16.3 1 0
github.com/Augora/Augora-GraphQL/Importers/Files.go:24.20,37.34 5 0
github.com/Augora/Augora-GraphQL/Importers/Files.go:43.2,43.13 1 0
github.com/Augora/Augora-GraphQL/Importers/Files.go:37.34,40.3 2 0
